2022-09-13 08:49:42 - WARN - HikariPool-1 - Thread starvation or clock leap detected (housekeeper delta=13h53m45s885ms457µs700ns).
2022-09-13 10:14:35 - INFO - Initializing Spring DispatcherServlet 'dispatcherServlet'
2022-09-13 10:15:36 - INFO - HikariPool-1 - Shutdown initiated...
2022-09-13 10:15:36 - INFO - HikariPool-1 - Shutdown completed.
2022-09-13 10:15:43 - INFO - Starting BlogSpringBootApplication using Java 18.0.2 on DELL-CTF8DL3 with PID 3056 (D:\Project\blogSpringBoot\target\classes started by Administrator in D:\Project\blogSpringBoot)
2022-09-13 10:15:43 - INFO - No active profile set, falling back to 1 default profile: "default"
2022-09-13 10:15:45 - INFO - Starting service [Tomcat]
2022-09-13 10:15:45 - INFO - Starting Servlet engine: [Apache Tomcat/9.0.65]
2022-09-13 10:15:45 - INFO - Initializing Spring embedded WebApplicationContext
2022-09-13 10:15:45 - INFO - HHH000204: Processing PersistenceUnitInfo [name: default]
2022-09-13 10:15:45 - INFO - HHH000412: Hibernate ORM core version 5.6.10.Final
2022-09-13 10:15:45 - INFO - HCANN000001: Hibernate Commons Annotations {5.1.2.Final}
2022-09-13 10:15:45 - INFO - HikariPool-1 - Starting...
2022-09-13 10:15:46 - INFO - HikariPool-1 - Start completed.
2022-09-13 10:15:46 - INFO - HHH000400: Using dialect: org.hibernate.dialect.MySQL5InnoDBDialect
2022-09-13 10:15:46 - INFO - HHH000490: Using JtaPlatform implementation: [org.hibernate.engine.transaction.jta.platform.internal.NoJtaPlatform]
2022-09-13 10:15:48 - INFO - Started BlogSpringBootApplication in 5.017 seconds (JVM running for 5.447)
2022-09-13 10:16:44 - INFO - Initializing Spring DispatcherServlet 'dispatcherServlet'
2022-09-13 13:42:40 - WARN - HikariPool-1 - Thread starvation or clock leap detected (housekeeper delta=26m51s574ms797µs900ns).
2022-09-13 15:57:22 - INFO - HikariPool-1 - Shutdown initiated...
2022-09-13 15:57:22 - INFO - HikariPool-1 - Shutdown completed.
2022-09-13 15:57:26 - INFO - Starting BlogSpringBootApplication using Java 18.0.2 on DELL-CTF8DL3 with PID 9752 (D:\Project\blogSpringBoot\target\classes started by Administrator in D:\Project\blogSpringBoot)
2022-09-13 15:57:26 - INFO - No active profile set, falling back to 1 default profile: "default"
2022-09-13 15:57:28 - INFO - Starting service [Tomcat]
2022-09-13 15:57:28 - INFO - Starting Servlet engine: [Apache Tomcat/9.0.65]
2022-09-13 15:57:29 - INFO - Initializing Spring embedded WebApplicationContext
2022-09-13 15:57:29 - INFO - HHH000204: Processing PersistenceUnitInfo [name: default]
2022-09-13 15:57:29 - INFO - HHH000412: Hibernate ORM core version 5.6.10.Final
2022-09-13 15:57:29 - INFO - HCANN000001: Hibernate Commons Annotations {5.1.2.Final}
2022-09-13 15:57:29 - INFO - HikariPool-1 - Starting...
2022-09-13 15:57:30 - INFO - HikariPool-1 - Start completed.
2022-09-13 15:57:30 - INFO - HHH000400: Using dialect: org.hibernate.dialect.MySQL5InnoDBDialect
2022-09-13 15:57:31 - INFO - HHH000490: Using JtaPlatform implementation: [org.hibernate.engine.transaction.jta.platform.internal.NoJtaPlatform]
2022-09-13 15:57:33 - INFO - Started BlogSpringBootApplication in 7.172 seconds (JVM running for 7.731)
2022-09-13 15:57:41 - INFO - Initializing Spring DispatcherServlet 'dispatcherServlet'
2022-09-13 18:12:45 - WARN - HikariPool-1 - Thread starvation or clock leap detected (housekeeper delta=3m19s176ms197µs700ns).
2022-09-13 18:27:26 - INFO - HikariPool-1 - Shutdown initiated...
2022-09-13 18:27:26 - INFO - HikariPool-1 - Shutdown completed.
2022-09-13 18:27:32 - INFO - Starting BlogSpringBootApplication using Java 18.0.2 on DELL-CTF8DL3 with PID 22452 (D:\Project\blogSpringBoot\target\classes started by Administrator in D:\Project\blogSpringBoot)
2022-09-13 18:27:32 - INFO - No active profile set, falling back to 1 default profile: "default"
2022-09-13 18:27:34 - INFO - Starting service [Tomcat]
2022-09-13 18:27:34 - INFO - Starting Servlet engine: [Apache Tomcat/9.0.65]
2022-09-13 18:27:34 - INFO - Initializing Spring embedded WebApplicationContext
2022-09-13 18:27:34 - INFO - HHH000204: Processing PersistenceUnitInfo [name: default]
2022-09-13 18:27:34 - INFO - HHH000412: Hibernate ORM core version 5.6.10.Final
2022-09-13 18:27:34 - INFO - HCANN000001: Hibernate Commons Annotations {5.1.2.Final}
2022-09-13 18:27:34 - INFO - HikariPool-1 - Starting...
2022-09-13 18:27:35 - INFO - HikariPool-1 - Start completed.
2022-09-13 18:27:35 - INFO - HHH000400: Using dialect: org.hibernate.dialect.MySQL5InnoDBDialect
2022-09-13 18:27:35 - INFO - HHH000490: Using JtaPlatform implementation: [org.hibernate.engine.transaction.jta.platform.internal.NoJtaPlatform]
2022-09-13 18:27:36 - INFO - Started BlogSpringBootApplication in 4.193 seconds (JVM running for 4.527)
2022-09-13 18:34:32 - INFO - Initializing Spring DispatcherServlet 'dispatcherServlet'
2022-09-13 22:15:38 - WARN - HikariPool-1 - Thread starvation or clock leap detected (housekeeper delta=2h1m31s57ms836µs200ns).
